2026-04-09T11:53:25.645+0900 [DEBUG] [org.gradle.launcher.daemon.bootstrap.DaemonMain] Assuming the daemon was started with following jvm opts: [-XX:MaxMetaspaceSize=384m, -XX:+HeapDumpOnOutOfMemoryError, -Xms256m, -Xmx512m, -Dfile.encoding=UTF-8, -Djava.io.tmpdir=/home/ittia/git/APIGDSEMR/.gradle-tmp, -Duser.country, -Duser.language=en, -Duser.variant]
2026-04-09T11:53:25.798+0900 [DEBUG] [org.gradle.internal.remote.internal.inet.InetAddresses] Adding IP addresses for network interface ens33
2026-04-09T11:53:25.798+0900 [DEBUG] [org.gradle.internal.remote.internal.inet.InetAddresses] Is this a loopback interface? false
2026-04-09T11:53:25.799+0900 [DEBUG] [org.gradle.internal.remote.internal.inet.InetAddresses] Adding remote address /fe80:0:0:0:20c:29ff:fe69:1abb%ens33
2026-04-09T11:53:25.799+0900 [DEBUG] [org.gradle.internal.remote.internal.inet.InetAddresses] Adding remote address /192.168.23.129
2026-04-09T11:53:25.799+0900 [DEBUG] [org.gradle.internal.remote.internal.inet.InetAddresses] Adding IP addresses for network interface lo
2026-04-09T11:53:25.800+0900 [DEBUG] [org.gradle.internal.remote.internal.inet.InetAddresses] Is this a loopback interface? true
2026-04-09T11:53:25.800+0900 [DEBUG] [org.gradle.internal.remote.internal.inet.InetAddresses] Adding loopback address /0:0:0:0:0:0:0:1%lo
2026-04-09T11:53:25.801+0900 [DEBUG] [org.gradle.internal.remote.internal.inet.InetAddresses] Adding loopback address /127.0.0.1
2026-04-09T11:53:25.864+0900 [INFO] [org.gradle.launcher.daemon.server.Daemon] start() called on daemon - DefaultDaemonContext[uid=423b603b-23ae-446b-9d03-1d54fcf5319f,javaHome=/usr/lib/jvm/java-25-openjdk-amd64,javaVersion=25,javaVendor=Ubuntu,daemonRegistryDir=/home/ittia/git/APIGDSEMR/.gradle-home/daemon,pid=10080,idleTimeout=120000,priority=NORMAL,applyInstrumentationAgent=true,nativeServicesMode=ENABLED,daemonOpts=-XX:MaxMetaspaceSize=384m,-XX:+HeapDumpOnOutOfMemoryError,-Xms256m,-Xmx512m,-Dfile.encoding=UTF-8,-Djava.io.tmpdir=/home/ittia/git/APIGDSEMR/.gradle-tmp,-Duser.country,-Duser.language=en,-Duser.variant]
2026-04-09T11:53:25.889+0900 [DEBUG] [org.gradle.internal.remote.internal.inet.TcpIncomingConnector] Listening on [91b86076-8be8-487b-a35d-409993060d0c port:36509, addresses:[localhost/127.0.0.1]].
2026-04-09T11:53:25.900+0900 [DEBUG] [org.gradle.launcher.daemon.server.Daemon] Daemon starting at: Thu Apr 09 11:53:25 KST 2026, with address: [91b86076-8be8-487b-a35d-409993060d0c port:36509, addresses:[localhost/127.0.0.1]]
2026-04-09T11:53:25.901+0900 [INFO] [org.gradle.launcher.daemon.server.DaemonRegistryUpdater] Advertising the daemon address to the clients: [91b86076-8be8-487b-a35d-409993060d0c port:36509, addresses:[localhost/127.0.0.1]]
2026-04-09T11:53:25.901+0900 [DEBUG] [org.gradle.launcher.daemon.server.DaemonRegistryUpdater] Advertised daemon context: DefaultDaemonContext[uid=423b603b-23ae-446b-9d03-1d54fcf5319f,javaHome=/usr/lib/jvm/java-25-openjdk-amd64,javaVersion=25,javaVendor=Ubuntu,daemonRegistryDir=/home/ittia/git/APIGDSEMR/.gradle-home/daemon,pid=10080,idleTimeout=120000,priority=NORMAL,applyInstrumentationAgent=true,nativeServicesMode=ENABLED,daemonOpts=-XX:MaxMetaspaceSize=384m,-XX:+HeapDumpOnOutOfMemoryError,-Xms256m,-Xmx512m,-Dfile.encoding=UTF-8,-Djava.io.tmpdir=/home/ittia/git/APIGDSEMR/.gradle-tmp,-Duser.country,-Duser.language=en,-Duser.variant]
2026-04-09T11:53:25.906+0900 [DEBUG] [org.gradle.launcher.daemon.registry.PersistentDaemonRegistry] Storing daemon address: [91b86076-8be8-487b-a35d-409993060d0c port:36509, addresses:[localhost/127.0.0.1]], context: DefaultDaemonContext[uid=423b603b-23ae-446b-9d03-1d54fcf5319f,javaHome=/usr/lib/jvm/java-25-openjdk-amd64,javaVersion=25,javaVendor=Ubuntu,daemonRegistryDir=/home/ittia/git/APIGDSEMR/.gradle-home/daemon,pid=10080,idleTimeout=120000,priority=NORMAL,applyInstrumentationAgent=true,nativeServicesMode=ENABLED,daemonOpts=-XX:MaxMetaspaceSize=384m,-XX:+HeapDumpOnOutOfMemoryError,-Xms256m,-Xmx512m,-Dfile.encoding=UTF-8,-Djava.io.tmpdir=/home/ittia/git/APIGDSEMR/.gradle-tmp,-Duser.country,-Duser.language=en,-Duser.variant]
2026-04-09T11:53:25.917+0900 [DEBUG] [org.gradle.cache.internal.DefaultFileLockManager] Waiting to acquire exclusive lock on daemon addresses registry.
2026-04-09T11:53:25.921+0900 [DEBUG] [org.gradle.cache.internal.DefaultFileLockManager] Lock acquired on daemon addresses registry.
2026-04-09T11:53:25.922+0900 [DEBUG] [org.gradle.cache.internal.DefaultFileLockManager] Releasing lock on daemon addresses registry.
2026-04-09T11:53:25.926+0900 [DEBUG] [org.gradle.cache.internal.DefaultFileLockManager] Waiting to acquire exclusive lock on daemon addresses registry.
2026-04-09T11:53:25.927+0900 [DEBUG] [org.gradle.cache.internal.DefaultFileLockManager] Lock acquired on daemon addresses registry.
2026-04-09T11:53:25.930+0900 [DEBUG] [org.gradle.cache.internal.DefaultFileLockManager] Releasing lock on daemon addresses registry.
2026-04-09T11:53:25.931+0900 [LIFECYCLE] [org.gradle.launcher.daemon.server.Daemon] Daemon server started.
2026-04-09T11:53:25.933+0900 [DEBUG] [org.gradle.launcher.daemon.bootstrap.DaemonStartupCommunication] Completed writing the daemon greeting. Closing streams...
2026-04-09T11:53:25.964+0900 [DEBUG] [org.gradle.launcher.daemon.server.Daemon] stopOnExpiration() called on daemon
2026-04-09T11:53:25.966+0900 [DEBUG] [org.gradle.launcher.daemon.server.Daemon] awaitExpiration() called on daemon
2026-04-09T11:53:25.966+0900 [DEBUG] [org.gradle.launcher.daemon.server.DaemonStateCoordinator] daemon is running. Sleeping until state changes.
2026-04-09T11:53:25.976+0900 [DEBUG] [org.gradle.internal.remote.internal.inet.TcpIncomingConnector] Accepted connection from /127.0.0.1:52852 to /127.0.0.1:36509.
2026-04-09T11:53:26.043+0900 [DEBUG] [org.gradle.launcher.daemon.server.SynchronizedDispatchConnection] thread 29: received class org.gradle.launcher.daemon.protocol.Build
2026-04-09T11:53:26.043+0900 [DEBUG] [org.gradle.launcher.daemon.server.DefaultDaemonConnection] thread 29: Received non-IO message from client: Build{id=e023f348-347d-4a99-abbf-7705b4853e34, currentDir=/home/ittia/git/APIGDSEMR}
2026-04-09T11:53:26.043+0900 [INFO] [org.gradle.launcher.daemon.server.DefaultIncomingConnectionHandler] Received command: Build{id=e023f348-347d-4a99-abbf-7705b4853e34, currentDir=/home/ittia/git/APIGDSEMR}.
2026-04-09T11:53:26.044+0900 [DEBUG] [org.gradle.launcher.daemon.server.DefaultIncomingConnectionHandler] Starting executing command: Build{id=e023f348-347d-4a99-abbf-7705b4853e34, currentDir=/home/ittia/git/APIGDSEMR} with connection: socket connection from /127.0.0.1:36509 to /127.0.0.1:52852.
2026-04-09T11:53:26.047+0900 [DEBUG] [org.gradle.launcher.daemon.server.DaemonStateCoordinator] Command execution: started DaemonCommandExecution[command = Build{id=e023f348-347d-4a99-abbf-7705b4853e34, currentDir=/home/ittia/git/APIGDSEMR}, connection = DefaultDaemonConnection: socket connection from /127.0.0.1:36509 to /127.0.0.1:52852] after 0.0027333333333333333 minutes of idle
2026-04-09T11:53:26.050+0900 [INFO] [org.gradle.launcher.daemon.server.DaemonRegistryUpdater] Marking the daemon as busy, address: [91b86076-8be8-487b-a35d-409993060d0c port:36509, addresses:[localhost/127.0.0.1]]
2026-04-09T11:53:26.053+0900 [DEBUG] [org.gradle.launcher.daemon.registry.PersistentDaemonRegistry] Marking busy by address: [91b86076-8be8-487b-a35d-409993060d0c port:36509, addresses:[localhost/127.0.0.1]]
2026-04-09T11:53:26.054+0900 [DEBUG] [org.gradle.cache.internal.DefaultFileLockManager] Waiting to acquire exclusive lock on daemon addresses registry.
2026-04-09T11:53:26.054+0900 [DEBUG] [org.gradle.cache.internal.DefaultFileLockManager] Lock acquired on daemon addresses registry.
2026-04-09T11:53:26.059+0900 [DEBUG] [org.gradle.cache.internal.DefaultFileLockManager] Releasing lock on daemon addresses registry.
2026-04-09T11:53:26.059+0900 [DEBUG] [org.gradle.launcher.daemon.server.DaemonStateCoordinator] resetting idle timer
2026-04-09T11:53:26.061+0900 [DEBUG] [org.gradle.launcher.daemon.server.DaemonStateCoordinator] daemon is running. Sleeping until state changes.
2026-04-09T11:53:26.063+0900 [INFO] [org.gradle.launcher.daemon.server.exec.StartBuildOrRespondWithBusy] Daemon is about to start building Build{id=e023f348-347d-4a99-abbf-7705b4853e34, currentDir=/home/ittia/git/APIGDSEMR}. Dispatching build started information...
2026-04-09T11:53:26.064+0900 [DEBUG] [org.gradle.launcher.daemon.server.SynchronizedDispatchConnection] thread 31: dispatching org.gradle.launcher.daemon.protocol.BuildStarted@50cf3020
2026-04-09T11:53:26.066+0900 [DEBUG] [org.gradle.launcher.daemon.server.exec.EstablishBuildEnvironment] Configuring env variables: [PATH, XAUTHORITY, INVOCATION_ID, XMODIFIERS, XDG_DATA_DIRS, GDMSESSION, GIT_PAGER, DBUS_SESSION_BUS_ADDRESS, XDG_CURRENT_DESKTOP, GH_PAGER, COLORTERM, PTYXIS_VERSION, SDKMAN_DIR, USERNAME, LOGNAME, MANAGERPID, PWD, IM_CONFIG_PHASE, SDKMAN_BROKER_API, CODEX_MANAGED_BY_NPM, NVM_CD_FLAGS, SHELL, LESSOPEN, CODEX_SANDBOX_NETWORK_DISABLED, PAGER, SDKMAN_CANDIDATES_API, OLDPWD, BUN_INSTALL, GNOME_DESKTOP_SESSION_ID, GTK_MODULES, LC_ALL, DEBUGINFOD_URLS, DBUS_STARTER_ADDRESS, XAI_API_KEY, LC_CTYPE, SYSTEMD_EXEC_PID, LS_COLORS, XDG_SESSION_DESKTOP, GNOME_SETUP_DISPLAY, SHLVL, QT_IM_MODULES, MEMORY_PRESSURE_WRITE, LESSCLOSE, QT_IM_MODULE, MEMORY_PRESSURE_WATCH, TERM, XDG_CONFIG_DIRS, LANG, XDG_SESSION_TYPE, FLATPAK_TTY_PROGRESS, GRADLE_HOME, DISPLAY, NVM_INC, GRADLE_USER_HOME, WAYLAND_DISPLAY, JAVA_TOOL_OPTIONS, CODEX_THREAD_ID, NO_COLOR, SDKMAN_CANDIDATES_DIR, XDG_SESSION_CLASS, _, CODEX_CI, NVM_DIR, GEMINI_API_KEY, GPG_AGENT_INFO, DESKTOP_SESSION, SDKMAN_PLATFORM, USER, XDG_MENU_PREFIX, PTYXIS_PROFILE, QT_ACCESSIBILITY, VTE_VERSION, SSH_AUTH_SOCK, GNOME_SHELL_SESSION_MODE, IM_CONFIG_CHECK_ENV, XDG_RUNTIME_DIR, NVM_BIN, HOME, DBUS_STARTER_BUS_TYPE]
2026-04-09T11:53:26.073+0900 [DEBUG] [org.gradle.launcher.daemon.server.exec.LogToClient] About to start relaying all logs to the client via the connection.
2026-04-09T11:53:26.073+0900 [INFO] [org.gradle.launcher.daemon.server.exec.LogToClient] The client will now receive all logging from the daemon (pid: 10080). The daemon log file: /home/ittia/git/APIGDSEMR/.gradle-home/daemon/9.2.1/daemon-10080.out.log
2026-04-09T11:53:26.076+0900 [DEBUG] [org.gradle.launcher.daemon.server.exec.RequestStopIfSingleUsedDaemon] Requesting daemon stop after processing Build{id=e023f348-347d-4a99-abbf-7705b4853e34, currentDir=/home/ittia/git/APIGDSEMR}
2026-04-09T11:53:26.076+0900 [LIFECYCLE] [org.gradle.launcher.daemon.server.DaemonStateCoordinator] Daemon will be stopped at the end of the build 
2026-04-09T11:53:26.077+0900 [DEBUG] [org.gradle.launcher.daemon.server.DaemonStateCoordinator] Stop as soon as idle requested. The daemon is busy
2026-04-09T11:53:26.078+0900 [DEBUG] [org.gradle.launcher.daemon.server.DaemonStateCoordinator] daemon stop has been requested. Sleeping until state changes.
2026-04-09T11:53:26.088+0900 [DEBUG] [org.gradle.launcher.daemon.server.exec.ExecuteBuild] The daemon has started executing the build.
2026-04-09T11:53:26.089+0900 [DEBUG] [org.gradle.launcher.daemon.server.exec.ExecuteBuild] Executing build with daemon context: DefaultDaemonContext[uid=423b603b-23ae-446b-9d03-1d54fcf5319f,javaHome=/usr/lib/jvm/java-25-openjdk-amd64,javaVersion=25,javaVendor=Ubuntu,daemonRegistryDir=/home/ittia/git/APIGDSEMR/.gradle-home/daemon,pid=10080,idleTimeout=120000,priority=NORMAL,applyInstrumentationAgent=true,nativeServicesMode=ENABLED,daemonOpts=-XX:MaxMetaspaceSize=384m,-XX:+HeapDumpOnOutOfMemoryError,-Xms256m,-Xmx512m,-Dfile.encoding=UTF-8,-Djava.io.tmpdir=/home/ittia/git/APIGDSEMR/.gradle-tmp,-Duser.country,-Duser.language=en,-Duser.variant]

BUILD SUCCESSFUL in 38s
1 actionable task: 1 executed
Consider enabling configuration cache to speed up this build: https://docs.gradle.org/9.2.1/userguide/configuration_cache_enabling.html
2026-04-09T11:53:48.114+0900 [DEBUG] [org.gradle.launcher.daemon.server.exec.ExecuteBuild] The daemon has finished executing the build.
2026-04-09T11:53:48.122+0900 [DEBUG] [org.gradle.launcher.daemon.server.DaemonStateCoordinator] daemon stop has been requested. Sleeping until state changes.
2026-04-09T11:53:48.123+0900 [DEBUG] [org.gradle.launcher.daemon.server.DaemonStateCoordinator] Command execution: finished waiting for DaemonCommandExecution[command = Build{id=e023f348-347d-4a99-abbf-7705b4853e34, currentDir=/home/ittia/git/APIGDSEMR}, connection = DefaultDaemonConnection: socket connection from /127.0.0.1:36509 to /127.0.0.1:52852]. Result org.gradle.launcher.daemon.server.DaemonStateCoordinator@f6c3960 with state StopRequested
2026-04-09T11:53:48.123+0900 [DEBUG] [org.gradle.launcher.daemon.server.DaemonStateCoordinator] Command execution: completed DaemonCommandExecution[command = Build{id=e023f348-347d-4a99-abbf-7705b4853e34, currentDir=/home/ittia/git/APIGDSEMR}, connection = DefaultDaemonConnection: socket connection from /127.0.0.1:36509 to /127.0.0.1:52852]
2026-04-09T11:53:48.123+0900 [DEBUG] [org.gradle.launcher.daemon.server.DaemonStateCoordinator] resetting idle timer
2026-04-09T11:53:48.123+0900 [DEBUG] [org.gradle.launcher.daemon.server.DaemonStateCoordinator] Marking daemon stopped due to command completed and stop requested. The daemon is not running a build
2026-04-09T11:53:48.124+0900 [DEBUG] [org.gradle.launcher.daemon.server.exec.ReturnResult] Daemon is dispatching the build result: Success[value=org.gradle.launcher.exec.BuildActionResult@2e34aeb9]
2026-04-09T11:53:48.124+0900 [DEBUG] [org.gradle.launcher.daemon.server.SynchronizedDispatchConnection] thread 28: dispatching Success[value=org.gradle.launcher.exec.BuildActionResult@2e34aeb9]
2026-04-09T11:53:48.124+0900 [DEBUG] [org.gradle.launcher.daemon.server.DaemonStateCoordinator] daemon has stopped.
2026-04-09T11:53:48.125+0900 [DEBUG] [org.gradle.launcher.daemon.server.Daemon] stop() called on daemon
2026-04-09T11:53:48.125+0900 [INFO] [org.gradle.launcher.daemon.server.Daemon] Stop requested. Daemon is removing its presence from the registry...
2026-04-09T11:53:48.125+0900 [DEBUG] [org.gradle.launcher.daemon.server.DaemonRegistryUpdater] Removing our presence to clients, eg. removing this address from the registry: [91b86076-8be8-487b-a35d-409993060d0c port:36509, addresses:[localhost/127.0.0.1]]
2026-04-09T11:53:48.125+0900 [DEBUG] [org.gradle.launcher.daemon.registry.PersistentDaemonRegistry] Removing daemon address: [91b86076-8be8-487b-a35d-409993060d0c port:36509, addresses:[localhost/127.0.0.1]]
2026-04-09T11:53:48.126+0900 [DEBUG] [org.gradle.cache.internal.DefaultFileLockManager] Waiting to acquire exclusive lock on daemon addresses registry.
2026-04-09T11:53:48.126+0900 [DEBUG] [org.gradle.cache.internal.DefaultFileLockManager] Lock acquired on daemon addresses registry.
2026-04-09T11:53:48.131+0900 [DEBUG] [org.gradle.cache.internal.DefaultFileLockManager] Releasing lock on daemon addresses registry.
2026-04-09T11:53:48.132+0900 [DEBUG] [org.gradle.launcher.daemon.server.DaemonRegistryUpdater] Address removed from registry.
2026-04-09T11:53:48.128+0900 [DEBUG] [org.gradle.launcher.daemon.server.SynchronizedDispatchConnection] thread 29: received class org.gradle.launcher.daemon.protocol.CloseInput
2026-04-09T11:53:48.135+0900 [DEBUG] [org.gradle.launcher.daemon.server.DefaultDaemonConnection] thread 29: Received IO message from client: org.gradle.launcher.daemon.protocol.CloseInput@16c27908
2026-04-09T11:53:48.136+0900 [DEBUG] [org.gradle.launcher.daemon.server.SynchronizedDispatchConnection] thread 29: received class org.gradle.launcher.daemon.protocol.Finished
2026-04-09T11:53:48.128+0900 [DEBUG] [org.gradle.launcher.daemon.server.exec.CleanUpVirtualFileSystemAfterBuild] Cleaning virtual file system after build finished
2026-04-09T11:53:48.135+0900 [DEBUG] [org.gradle.launcher.daemon.server.DefaultIncomingConnectionHandler] Finishing executing command: Build{id=e023f348-347d-4a99-abbf-7705b4853e34, currentDir=/home/ittia/git/APIGDSEMR}
2026-04-09T11:53:48.136+0900 [DEBUG] [org.gradle.launcher.daemon.server.DefaultDaemonConnection] thread 29: Received non-IO message from client: org.gradle.launcher.daemon.protocol.Finished@1a8a8b18
2026-04-09T11:53:48.136+0900 [DEBUG] [org.gradle.launcher.daemon.server.DefaultIncomingConnectionHandler] Received finished message: org.gradle.launcher.daemon.protocol.Finished@1a8a8b18
2026-04-09T11:53:48.136+0900 [DEBUG] [org.gradle.launcher.daemon.server.SynchronizedDispatchConnection] thread 28: stopping connection
2026-04-09T11:53:48.137+0900 [DEBUG] [org.gradle.internal.remote.internal.inet.SocketConnection] Discarding EOFException: java.io.EOFException
2026-04-09T11:53:48.137+0900 [DEBUG] [org.gradle.launcher.daemon.server.SynchronizedDispatchConnection] thread 29: received null
2026-04-09T11:53:48.137+0900 [DEBUG] [org.gradle.launcher.daemon.server.DefaultDaemonConnection] thread 29: Received end-of-input from client.
2026-04-09T11:53:48.139+0900 [DEBUG] [org.gradle.launcher.daemon.server.SynchronizedDispatchConnection] thread 28: stopping connection
2026-04-09T11:53:48.143+0900 [DEBUG] [org.gradle.cache.internal.LockOnDemandCrossProcessCacheAccess] Releasing file lock for jars (/home/ittia/git/APIGDSEMR/.gradle-home/caches/jars-9)
2026-04-09T11:53:48.144+0900 [DEBUG] [org.gradle.cache.internal.DefaultFileLockManager] Releasing lock on jars (/home/ittia/git/APIGDSEMR/.gradle-home/caches/jars-9).
2026-04-09T11:53:48.144+0900 [DEBUG] [org.gradle.cache.internal.LockOnDemandCrossProcessCacheAccess] Releasing file lock for file content cache (/home/ittia/git/APIGDSEMR/.gradle-home/caches/9.2.1/fileContent)
2026-04-09T11:53:48.145+0900 [DEBUG] [org.gradle.cache.internal.DefaultFileLockManager] Releasing lock on file content cache (/home/ittia/git/APIGDSEMR/.gradle-home/caches/9.2.1/fileContent).
2026-04-09T11:53:48.145+0900 [DEBUG] [org.gradle.internal.watch.vfs.impl.WatchingVirtualFileSystem] Closing VFS, dropping state
2026-04-09T11:53:48.152+0900 [DEBUG] [org.gradle.internal.watch.registry.impl.DefaultFileWatcherRegistry] Finished listening to file system change events
2026-04-09T11:53:48.153+0900 [DEBUG] [org.gradle.cache.internal.DefaultCacheCoordinator] Cache Generated Gradle JARs cache (/home/ittia/git/APIGDSEMR/.gradle-home/caches/9.2.1/generated-gradle-jars) was closed 0 times.
2026-04-09T11:53:48.153+0900 [DEBUG] [org.gradle.cache.internal.LockOnDemandCrossProcessCacheAccess] Releasing file lock for artifact cache (/home/ittia/git/APIGDSEMR/.gradle-home/caches/modules-2)
2026-04-09T11:53:48.153+0900 [DEBUG] [org.gradle.cache.internal.btree.BTreePersistentIndexedCache] Closing cache module-artifact.bin (/home/ittia/git/APIGDSEMR/.gradle-home/caches/modules-2/metadata-2.107/module-artifact.bin)
2026-04-09T11:53:48.153+0900 [DEBUG] [org.gradle.cache.internal.btree.BTreePersistentIndexedCache] Closing cache module-metadata.bin (/home/ittia/git/APIGDSEMR/.gradle-home/caches/modules-2/metadata-2.107/module-metadata.bin)
2026-04-09T11:53:48.153+0900 [DEBUG] [org.gradle.cache.internal.btree.BTreePersistentIndexedCache] Closing cache resource-at-url.bin (/home/ittia/git/APIGDSEMR/.gradle-home/caches/modules-2/metadata-2.107/resource-at-url.bin)
2026-04-09T11:53:48.153+0900 [DEBUG] [org.gradle.cache.internal.DefaultFileLockManager] Releasing lock on artifact cache (/home/ittia/git/APIGDSEMR/.gradle-home/caches/modules-2).
2026-04-09T11:53:48.154+0900 [DEBUG] [org.gradle.cache.internal.DefaultCacheCoordinator] Cache groovy-dsl (/home/ittia/git/APIGDSEMR/.gradle-home/caches/9.2.1/groovy-dsl) was closed 0 times.
2026-04-09T11:53:48.154+0900 [DEBUG] [org.gradle.cache.internal.DefaultCacheCoordinator] Cache Artifact transforms cache (/home/ittia/git/APIGDSEMR/.gradle-home/caches/9.2.1/transforms) was closed 0 times.
2026-04-09T11:53:48.155+0900 [DEBUG] [org.gradle.cache.internal.LockOnDemandCrossProcessCacheAccess] Releasing file lock for journal cache (/home/ittia/git/APIGDSEMR/.gradle-home/caches/journal-1)
2026-04-09T11:53:48.155+0900 [DEBUG] [org.gradle.cache.internal.btree.BTreePersistentIndexedCache] Closing cache file-access.bin (/home/ittia/git/APIGDSEMR/.gradle-home/caches/journal-1/file-access.bin)
2026-04-09T11:53:48.155+0900 [DEBUG] [org.gradle.cache.internal.DefaultFileLockManager] Releasing lock on journal cache (/home/ittia/git/APIGDSEMR/.gradle-home/caches/journal-1).
2026-04-09T11:53:48.158+0900 [DEBUG] [org.gradle.cache.internal.LockOnDemandCrossProcessCacheAccess] Releasing file lock for file hash cache (/home/ittia/git/APIGDSEMR/.gradle-home/caches/9.2.1/fileHashes)
2026-04-09T11:53:48.158+0900 [DEBUG] [org.gradle.cache.internal.btree.BTreePersistentIndexedCache] Closing cache fileHashes.bin (/home/ittia/git/APIGDSEMR/.gradle-home/caches/9.2.1/fileHashes/fileHashes.bin)
2026-04-09T11:53:48.158+0900 [DEBUG] [org.gradle.cache.internal.btree.BTreePersistentIndexedCache] Closing cache resourceHashesCache.bin (/home/ittia/git/APIGDSEMR/.gradle-home/caches/9.2.1/fileHashes/resourceHashesCache.bin)
2026-04-09T11:53:48.158+0900 [DEBUG] [org.gradle.cache.internal.DefaultFileLockManager] Releasing lock on file hash cache (/home/ittia/git/APIGDSEMR/.gradle-home/caches/9.2.1/fileHashes).
2026-04-09T11:53:48.159+0900 [DEBUG] [org.gradle.cache.internal.LockOnDemandCrossProcessCacheAccess] Releasing file lock for Java compile cache (/home/ittia/git/APIGDSEMR/.gradle-home/caches/9.2.1/javaCompile)
2026-04-09T11:53:48.159+0900 [DEBUG] [org.gradle.cache.internal.btree.BTreePersistentIndexedCache] Closing cache jarAnalysis.bin (/home/ittia/git/APIGDSEMR/.gradle-home/caches/9.2.1/javaCompile/jarAnalysis.bin)
2026-04-09T11:53:48.159+0900 [DEBUG] [org.gradle.cache.internal.btree.BTreePersistentIndexedCache] Closing cache classAnalysis.bin (/home/ittia/git/APIGDSEMR/.gradle-home/caches/9.2.1/javaCompile/classAnalysis.bin)
2026-04-09T11:53:48.160+0900 [DEBUG] [org.gradle.cache.internal.DefaultFileLockManager] Releasing lock on Java compile cache (/home/ittia/git/APIGDSEMR/.gradle-home/caches/9.2.1/javaCompile).
2026-04-09T11:53:48.161+0900 [DEBUG] [org.gradle.internal.operations.DefaultBuildOperationRunner] Build operation 'Deleting unused version-specific caches in /home/ittia/git/APIGDSEMR/.gradle-home/caches' started
2026-04-09T11:53:48.169+0900 [DEBUG] [org.gradle.cache.internal.VersionSpecificCacheCleanupAction] Processed version-specific caches at /home/ittia/git/APIGDSEMR/.gradle-home/caches for cleanup in 0.007 secs
2026-04-09T11:53:48.169+0900 [DEBUG] [org.gradle.internal.operations.DefaultBuildOperationRunner] Completing Build operation 'Deleting unused version-specific caches in /home/ittia/git/APIGDSEMR/.gradle-home/caches'
2026-04-09T11:53:48.169+0900 [DEBUG] [org.gradle.internal.operations.DefaultBuildOperationRunner] Build operation 'Deleting unused version-specific caches in /home/ittia/git/APIGDSEMR/.gradle-home/caches' completed
2026-04-09T11:53:48.170+0900 [DEBUG] [org.gradle.internal.operations.DefaultBuildOperationRunner] Build operation 'Deleting unused Gradle distributions in /home/ittia/git/APIGDSEMR/.gradle-home/wrapper/dists' started
2026-04-09T11:53:48.171+0900 [DEBUG] [org.gradle.internal.operations.DefaultBuildOperationRunner] Completing Build operation 'Deleting unused Gradle distributions in /home/ittia/git/APIGDSEMR/.gradle-home/wrapper/dists'
2026-04-09T11:53:48.172+0900 [DEBUG] [org.gradle.internal.operations.DefaultBuildOperationRunner] Build operation 'Deleting unused Gradle distributions in /home/ittia/git/APIGDSEMR/.gradle-home/wrapper/dists' completed
2026-04-09T11:53:48.172+0900 [DEBUG] [org.gradle.launcher.daemon.server.Daemon] stop() called on daemon
2026-04-09T11:53:48.172+0900 [INFO] [org.gradle.launcher.daemon.server.Daemon] Stop requested. Daemon is removing its presence from the registry...
2026-04-09T11:53:48.172+0900 [DEBUG] [org.gradle.launcher.daemon.server.DaemonRegistryUpdater] Removing our presence to clients, eg. removing this address from the registry: [91b86076-8be8-487b-a35d-409993060d0c port:36509, addresses:[localhost/127.0.0.1]]
2026-04-09T11:53:48.172+0900 [DEBUG] [org.gradle.launcher.daemon.registry.PersistentDaemonRegistry] Removing daemon address: [91b86076-8be8-487b-a35d-409993060d0c port:36509, addresses:[localhost/127.0.0.1]]
2026-04-09T11:53:48.172+0900 [DEBUG] [org.gradle.cache.internal.DefaultFileLockManager] Waiting to acquire exclusive lock on daemon addresses registry.
2026-04-09T11:53:48.173+0900 [DEBUG] [org.gradle.cache.internal.DefaultFileLockManager] Lock acquired on daemon addresses registry.
2026-04-09T11:53:48.173+0900 [DEBUG] [org.gradle.cache.internal.DefaultFileLockManager] Releasing lock on daemon addresses registry.
2026-04-09T11:53:48.174+0900 [DEBUG] [org.gradle.launcher.daemon.server.DaemonRegistryUpdater] Address removed from registry.
2026-04-09T11:53:48.175+0900 [DEBUG] [org.gradle.cache.internal.locklistener.DefaultFileLockContentionHandler] File lock listener thread completed.
2026-04-09T11:53:48.180+0900 [DEBUG] [java.lang.Runtime] Runtime.exit() called with status: 0
java.lang.Throwable: Runtime.exit(0)
	at java.base/java.lang.Shutdown.logRuntimeExit(Shutdown.java:179)
	at java.base/java.lang.Shutdown.exit(Shutdown.java:160)
	at java.base/java.lang.Runtime.exit(Runtime.java:177)
	at java.base/java.lang.System.exit(System.java:1540)
	at org.gradle.launcher.bootstrap.ProcessCompleter.complete(ProcessCompleter.java:21)
	at org.gradle.launcher.bootstrap.EntryPoint.run(EntryPoint.java:62)
	at java.base/jdk.internal.reflect.DirectMethodHandleAccessor.invoke(DirectMethodHandleAccessor.java:104)
	at java.base/java.lang.reflect.Method.invoke(Method.java:565)
	at org.gradle.launcher.bootstrap.ProcessBootstrap.runNoExit(ProcessBootstrap.java:72)
	at org.gradle.launcher.bootstrap.ProcessBootstrap.run(ProcessBootstrap.java:39)
	at org.gradle.launcher.daemon.bootstrap.GradleDaemon.main(GradleDaemon.java:22)
Daemon vm is shutting down... The daemon has exited normally or was terminated in response to a user interrupt.
2026-04-09T11:53:48.182+0900 [DEBUG] [org.gradle.launcher.daemon.registry.PersistentDaemonRegistry] Removing daemon address: [91b86076-8be8-487b-a35d-409993060d0c port:36509, addresses:[localhost/127.0.0.1]]
2026-04-09T11:53:48.183+0900 [DEBUG] [org.gradle.launcher.daemon.server.Daemon] VM shutdown hook was unable to remove the daemon address from the registry. It will be cleaned up later.
java.lang.IllegalStateException: Cannot start managing file contention because this handler has been closed.
	at org.gradle.cache.internal.locklistener.DefaultFileLockContentionHandler.assertNotStopped(DefaultFileLockContentionHandler.java:256)
	at org.gradle.cache.internal.locklistener.DefaultFileLockContentionHandler.reservePort(DefaultFileLockContentionHandler.java:294)
	at org.gradle.cache.internal.DefaultFileLockManager.lock(DefaultFileLockManager.java:124)
	at org.gradle.cache.internal.DefaultFileLockManager.lock(DefaultFileLockManager.java:106)
	at org.gradle.cache.internal.DefaultFileLockManager.lock(DefaultFileLockManager.java:101)
	at org.gradle.cache.internal.OnDemandFileAccess.updateFile(OnDemandFileAccess.java:51)
	at org.gradle.cache.internal.FileBackedObjectHolder.update(FileBackedObjectHolder.java:77)
	at org.gradle.cache.internal.FileIntegrityViolationSuppressingObjectHolderDecorator.lambda$update$0(FileIntegrityViolationSuppressingObjectHolderDecorator.java:48)
	at org.gradle.cache.internal.FileIntegrityViolationSuppressingObjectHolderDecorator.doUpdate(FileIntegrityViolationSuppressingObjectHolderDecorator.java:58)
	at org.gradle.cache.internal.FileIntegrityViolationSuppressingObjectHolderDecorator.update(FileIntegrityViolationSuppressingObjectHolderDecorator.java:48)
	at org.gradle.launcher.daemon.registry.PersistentDaemonRegistry.remove(PersistentDaemonRegistry.java:133)
	at org.gradle.launcher.daemon.server.Daemon$1.run(Daemon.java:133)
	at java.base/java.lang.Thread.run(Thread.java:1474)
