2026-04-09T12:10:25.746+0900 [DEBUG] [org.gradle.launcher.daemon.bootstrap.DaemonMain] Assuming the daemon was started with following jvm opts: [-XX:MaxMetaspaceSize=384m, -XX:+HeapDumpOnOutOfMemoryError, -Xms256m, -Xmx512m, -Dfile.encoding=UTF-8, -Djava.io.tmpdir=/home/ittia/git/APIGDSEMR/.gradle-tmp, -Duser.country, -Duser.language=en, -Duser.variant]
2026-04-09T12:10:25.950+0900 [DEBUG] [org.gradle.internal.remote.internal.inet.InetAddresses] Adding IP addresses for network interface ens33
2026-04-09T12:10:25.951+0900 [DEBUG] [org.gradle.internal.remote.internal.inet.InetAddresses] Is this a loopback interface? false
2026-04-09T12:10:25.951+0900 [DEBUG] [org.gradle.internal.remote.internal.inet.InetAddresses] Adding remote address /fe80:0:0:0:20c:29ff:fe69:1abb%ens33
2026-04-09T12:10:25.952+0900 [DEBUG] [org.gradle.internal.remote.internal.inet.InetAddresses] Adding remote address /192.168.23.129
2026-04-09T12:10:25.952+0900 [DEBUG] [org.gradle.internal.remote.internal.inet.InetAddresses] Adding IP addresses for network interface lo
2026-04-09T12:10:25.952+0900 [DEBUG] [org.gradle.internal.remote.internal.inet.InetAddresses] Is this a loopback interface? true
2026-04-09T12:10:25.953+0900 [DEBUG] [org.gradle.internal.remote.internal.inet.InetAddresses] Adding loopback address /0:0:0:0:0:0:0:1%lo
2026-04-09T12:10:25.953+0900 [DEBUG] [org.gradle.internal.remote.internal.inet.InetAddresses] Adding loopback address /127.0.0.1
2026-04-09T12:10:26.014+0900 [INFO] [org.gradle.launcher.daemon.server.Daemon] start() called on daemon - DefaultDaemonContext[uid=4795b1f1-d7ac-4f47-abd3-fd4a706d7a3b,javaHome=/usr/lib/jvm/java-25-openjdk-amd64,javaVersion=25,javaVendor=Ubuntu,daemonRegistryDir=/home/ittia/git/APIGDSEMR/.gradle-home/daemon,pid=12202,idleTimeout=120000,priority=NORMAL,applyInstrumentationAgent=true,nativeServicesMode=ENABLED,daemonOpts=-XX:MaxMetaspaceSize=384m,-XX:+HeapDumpOnOutOfMemoryError,-Xms256m,-Xmx512m,-Dfile.encoding=UTF-8,-Djava.io.tmpdir=/home/ittia/git/APIGDSEMR/.gradle-tmp,-Duser.country,-Duser.language=en,-Duser.variant]
2026-04-09T12:10:26.044+0900 [DEBUG] [org.gradle.internal.remote.internal.inet.TcpIncomingConnector] Listening on [59552b18-3645-45d1-86e9-635b6f97663a port:37739, addresses:[localhost/127.0.0.1]].
2026-04-09T12:10:26.056+0900 [DEBUG] [org.gradle.launcher.daemon.server.Daemon] Daemon starting at: Thu Apr 09 12:10:26 KST 2026, with address: [59552b18-3645-45d1-86e9-635b6f97663a port:37739, addresses:[localhost/127.0.0.1]]
2026-04-09T12:10:26.056+0900 [INFO] [org.gradle.launcher.daemon.server.DaemonRegistryUpdater] Advertising the daemon address to the clients: [59552b18-3645-45d1-86e9-635b6f97663a port:37739, addresses:[localhost/127.0.0.1]]
2026-04-09T12:10:26.057+0900 [DEBUG] [org.gradle.launcher.daemon.server.DaemonRegistryUpdater] Advertised daemon context: DefaultDaemonContext[uid=4795b1f1-d7ac-4f47-abd3-fd4a706d7a3b,javaHome=/usr/lib/jvm/java-25-openjdk-amd64,javaVersion=25,javaVendor=Ubuntu,daemonRegistryDir=/home/ittia/git/APIGDSEMR/.gradle-home/daemon,pid=12202,idleTimeout=120000,priority=NORMAL,applyInstrumentationAgent=true,nativeServicesMode=ENABLED,daemonOpts=-XX:MaxMetaspaceSize=384m,-XX:+HeapDumpOnOutOfMemoryError,-Xms256m,-Xmx512m,-Dfile.encoding=UTF-8,-Djava.io.tmpdir=/home/ittia/git/APIGDSEMR/.gradle-tmp,-Duser.country,-Duser.language=en,-Duser.variant]
2026-04-09T12:10:26.058+0900 [DEBUG] [org.gradle.launcher.daemon.registry.PersistentDaemonRegistry] Storing daemon address: [59552b18-3645-45d1-86e9-635b6f97663a port:37739, addresses:[localhost/127.0.0.1]], context: DefaultDaemonContext[uid=4795b1f1-d7ac-4f47-abd3-fd4a706d7a3b,javaHome=/usr/lib/jvm/java-25-openjdk-amd64,javaVersion=25,javaVendor=Ubuntu,daemonRegistryDir=/home/ittia/git/APIGDSEMR/.gradle-home/daemon,pid=12202,idleTimeout=120000,priority=NORMAL,applyInstrumentationAgent=true,nativeServicesMode=ENABLED,daemonOpts=-XX:MaxMetaspaceSize=384m,-XX:+HeapDumpOnOutOfMemoryError,-Xms256m,-Xmx512m,-Dfile.encoding=UTF-8,-Djava.io.tmpdir=/home/ittia/git/APIGDSEMR/.gradle-tmp,-Duser.country,-Duser.language=en,-Duser.variant]
2026-04-09T12:10:26.066+0900 [DEBUG] [org.gradle.cache.internal.DefaultFileLockManager] Waiting to acquire exclusive lock on daemon addresses registry.
2026-04-09T12:10:26.073+0900 [DEBUG] [org.gradle.cache.internal.DefaultFileLockManager] Lock acquired on daemon addresses registry.
2026-04-09T12:10:26.078+0900 [DEBUG] [org.gradle.cache.internal.DefaultFileLockManager] Releasing lock on daemon addresses registry.
2026-04-09T12:10:26.079+0900 [LIFECYCLE] [org.gradle.launcher.daemon.server.Daemon] Daemon server started.
2026-04-09T12:10:26.080+0900 [DEBUG] [org.gradle.launcher.daemon.bootstrap.DaemonStartupCommunication] Completed writing the daemon greeting. Closing streams...
2026-04-09T12:10:26.112+0900 [DEBUG] [org.gradle.launcher.daemon.server.Daemon] stopOnExpiration() called on daemon
2026-04-09T12:10:26.116+0900 [DEBUG] [org.gradle.launcher.daemon.server.Daemon] awaitExpiration() called on daemon
2026-04-09T12:10:26.117+0900 [DEBUG] [org.gradle.launcher.daemon.server.DaemonStateCoordinator] daemon is running. Sleeping until state changes.
2026-04-09T12:10:26.120+0900 [DEBUG] [org.gradle.internal.remote.internal.inet.TcpIncomingConnector] Accepted connection from /127.0.0.1:39234 to /127.0.0.1:37739.
2026-04-09T12:10:26.171+0900 [DEBUG] [org.gradle.launcher.daemon.server.SynchronizedDispatchConnection] thread 29: received class org.gradle.launcher.daemon.protocol.Build
2026-04-09T12:10:26.171+0900 [DEBUG] [org.gradle.launcher.daemon.server.DefaultDaemonConnection] thread 29: Received non-IO message from client: Build{id=d9dd4150-3bab-4f71-8c87-77a5265acb2d, currentDir=/home/ittia/git/APIGDSEMR}
2026-04-09T12:10:26.173+0900 [INFO] [org.gradle.launcher.daemon.server.DefaultIncomingConnectionHandler] Received command: Build{id=d9dd4150-3bab-4f71-8c87-77a5265acb2d, currentDir=/home/ittia/git/APIGDSEMR}.
2026-04-09T12:10:26.173+0900 [DEBUG] [org.gradle.launcher.daemon.server.DefaultIncomingConnectionHandler] Starting executing command: Build{id=d9dd4150-3bab-4f71-8c87-77a5265acb2d, currentDir=/home/ittia/git/APIGDSEMR} with connection: socket connection from /127.0.0.1:37739 to /127.0.0.1:39234.
2026-04-09T12:10:26.176+0900 [DEBUG] [org.gradle.launcher.daemon.server.DaemonStateCoordinator] Command execution: started DaemonCommandExecution[command = Build{id=d9dd4150-3bab-4f71-8c87-77a5265acb2d, currentDir=/home/ittia/git/APIGDSEMR}, connection = DefaultDaemonConnection: socket connection from /127.0.0.1:37739 to /127.0.0.1:39234] after 0.002316666666666667 minutes of idle
2026-04-09T12:10:26.176+0900 [INFO] [org.gradle.launcher.daemon.server.DaemonRegistryUpdater] Marking the daemon as busy, address: [59552b18-3645-45d1-86e9-635b6f97663a port:37739, addresses:[localhost/127.0.0.1]]
2026-04-09T12:10:26.177+0900 [DEBUG] [org.gradle.launcher.daemon.registry.PersistentDaemonRegistry] Marking busy by address: [59552b18-3645-45d1-86e9-635b6f97663a port:37739, addresses:[localhost/127.0.0.1]]
2026-04-09T12:10:26.177+0900 [DEBUG] [org.gradle.cache.internal.DefaultFileLockManager] Waiting to acquire exclusive lock on daemon addresses registry.
2026-04-09T12:10:26.178+0900 [DEBUG] [org.gradle.cache.internal.DefaultFileLockManager] Lock acquired on daemon addresses registry.
2026-04-09T12:10:26.179+0900 [DEBUG] [org.gradle.cache.internal.DefaultFileLockManager] Releasing lock on daemon addresses registry.
2026-04-09T12:10:26.179+0900 [DEBUG] [org.gradle.launcher.daemon.server.DaemonStateCoordinator] resetting idle timer
2026-04-09T12:10:26.180+0900 [DEBUG] [org.gradle.launcher.daemon.server.DaemonStateCoordinator] daemon is running. Sleeping until state changes.
2026-04-09T12:10:26.184+0900 [INFO] [org.gradle.launcher.daemon.server.exec.StartBuildOrRespondWithBusy] Daemon is about to start building Build{id=d9dd4150-3bab-4f71-8c87-77a5265acb2d, currentDir=/home/ittia/git/APIGDSEMR}. Dispatching build started information...
2026-04-09T12:10:26.185+0900 [DEBUG] [org.gradle.launcher.daemon.server.SynchronizedDispatchConnection] thread 31: dispatching org.gradle.launcher.daemon.protocol.BuildStarted@3fbc9bfe
2026-04-09T12:10:26.191+0900 [DEBUG] [org.gradle.launcher.daemon.server.exec.EstablishBuildEnvironment] Configuring env variables: [PATH, XAUTHORITY, INVOCATION_ID, XMODIFIERS, XDG_DATA_DIRS, GDMSESSION, GIT_PAGER, DBUS_SESSION_BUS_ADDRESS, XDG_CURRENT_DESKTOP, GH_PAGER, COLORTERM, PTYXIS_VERSION, SDKMAN_DIR, USERNAME, LOGNAME, MANAGERPID, PWD, IM_CONFIG_PHASE, SDKMAN_BROKER_API, CODEX_MANAGED_BY_NPM, NVM_CD_FLAGS, SHELL, LESSOPEN, CODEX_SANDBOX_NETWORK_DISABLED, PAGER, SDKMAN_CANDIDATES_API, OLDPWD, BUN_INSTALL, GNOME_DESKTOP_SESSION_ID, GTK_MODULES, LC_ALL, DEBUGINFOD_URLS, DBUS_STARTER_ADDRESS, XAI_API_KEY, LC_CTYPE, SYSTEMD_EXEC_PID, LS_COLORS, XDG_SESSION_DESKTOP, GNOME_SETUP_DISPLAY, SHLVL, QT_IM_MODULES, MEMORY_PRESSURE_WRITE, LESSCLOSE, QT_IM_MODULE, MEMORY_PRESSURE_WATCH, TERM, XDG_CONFIG_DIRS, LANG, XDG_SESSION_TYPE, FLATPAK_TTY_PROGRESS, GRADLE_HOME, DISPLAY, NVM_INC, GRADLE_USER_HOME, WAYLAND_DISPLAY, JAVA_TOOL_OPTIONS, CODEX_THREAD_ID, NO_COLOR, SDKMAN_CANDIDATES_DIR, XDG_SESSION_CLASS, _, CODEX_CI, NVM_DIR, GEMINI_API_KEY, GPG_AGENT_INFO, DESKTOP_SESSION, SDKMAN_PLATFORM, USER, XDG_MENU_PREFIX, PTYXIS_PROFILE, QT_ACCESSIBILITY, VTE_VERSION, SSH_AUTH_SOCK, GNOME_SHELL_SESSION_MODE, IM_CONFIG_CHECK_ENV, XDG_RUNTIME_DIR, NVM_BIN, HOME, DBUS_STARTER_BUS_TYPE]
2026-04-09T12:10:26.196+0900 [DEBUG] [org.gradle.launcher.daemon.server.exec.LogToClient] About to start relaying all logs to the client via the connection.
2026-04-09T12:10:26.197+0900 [INFO] [org.gradle.launcher.daemon.server.exec.LogToClient] The client will now receive all logging from the daemon (pid: 12202). The daemon log file: /home/ittia/git/APIGDSEMR/.gradle-home/daemon/9.2.1/daemon-12202.out.log
2026-04-09T12:10:26.200+0900 [DEBUG] [org.gradle.launcher.daemon.server.exec.RequestStopIfSingleUsedDaemon] Requesting daemon stop after processing Build{id=d9dd4150-3bab-4f71-8c87-77a5265acb2d, currentDir=/home/ittia/git/APIGDSEMR}
2026-04-09T12:10:26.201+0900 [LIFECYCLE] [org.gradle.launcher.daemon.server.DaemonStateCoordinator] Daemon will be stopped at the end of the build 
2026-04-09T12:10:26.201+0900 [DEBUG] [org.gradle.launcher.daemon.server.DaemonStateCoordinator] Stop as soon as idle requested. The daemon is busy
2026-04-09T12:10:26.203+0900 [DEBUG] [org.gradle.launcher.daemon.server.DaemonStateCoordinator] daemon stop has been requested. Sleeping until state changes.
2026-04-09T12:10:26.205+0900 [DEBUG] [org.gradle.launcher.daemon.server.exec.ExecuteBuild] The daemon has started executing the build.
2026-04-09T12:10:26.206+0900 [DEBUG] [org.gradle.launcher.daemon.server.exec.ExecuteBuild] Executing build with daemon context: DefaultDaemonContext[uid=4795b1f1-d7ac-4f47-abd3-fd4a706d7a3b,javaHome=/usr/lib/jvm/java-25-openjdk-amd64,javaVersion=25,javaVendor=Ubuntu,daemonRegistryDir=/home/ittia/git/APIGDSEMR/.gradle-home/daemon,pid=12202,idleTimeout=120000,priority=NORMAL,applyInstrumentationAgent=true,nativeServicesMode=ENABLED,daemonOpts=-XX:MaxMetaspaceSize=384m,-XX:+HeapDumpOnOutOfMemoryError,-Xms256m,-Xmx512m,-Dfile.encoding=UTF-8,-Djava.io.tmpdir=/home/ittia/git/APIGDSEMR/.gradle-tmp,-Duser.country,-Duser.language=en,-Duser.variant]
Note: /home/ittia/git/APIGDSEMR/src/main/java/key/emr/ittia/GeminiApp.java uses unchecked or unsafe operations.
Note: Recompile with -Xlint:unchecked for details.
Picked up JAVA_TOOL_OPTIONS: -Djava.io.tmpdir=/home/ittia/git/APIGDSEMR/.gradle-tmp
WARNING: A restricted method in java.lang.System has been called
WARNING: java.lang.System::load has been called by org.sqlite.SQLiteJDBCLoader in an unnamed module (file:/home/ittia/git/APIGDSEMR/.gradle-home/caches/modules-2/files-2.1/org.xerial/sqlite-jdbc/3.51.1.0/fb803f82297e7738577c1fadbbe3e1ec9b904703/sqlite-jdbc-3.51.1.0.jar)
WARNING: Use --enable-native-access=ALL-UNNAMED to avoid a warning for callers in this module
WARNING: Restricted methods will be blocked in a future release unless native access is enabled


[Incubating] Problems report is available at: file:///home/ittia/git/APIGDSEMR/build/reports/problems/problems-report.html

BUILD SUCCESSFUL in 22s
4 actionable tasks: 3 executed, 1 up-to-date
Consider enabling configuration cache to speed up this build: https://docs.gradle.org/9.2.1/userguide/configuration_cache_enabling.html
2026-04-09T12:10:46.545+0900 [DEBUG] [org.gradle.launcher.daemon.server.exec.ExecuteBuild] The daemon has finished executing the build.
2026-04-09T12:10:46.558+0900 [DEBUG] [org.gradle.launcher.daemon.server.DaemonStateCoordinator] daemon stop has been requested. Sleeping until state changes.
2026-04-09T12:10:46.559+0900 [DEBUG] [org.gradle.launcher.daemon.server.DaemonStateCoordinator] Command execution: finished waiting for DaemonCommandExecution[command = Build{id=d9dd4150-3bab-4f71-8c87-77a5265acb2d, currentDir=/home/ittia/git/APIGDSEMR}, connection = DefaultDaemonConnection: socket connection from /127.0.0.1:37739 to /127.0.0.1:39234]. Result org.gradle.launcher.daemon.server.DaemonStateCoordinator@bc7b0cc with state StopRequested
2026-04-09T12:10:46.559+0900 [DEBUG] [org.gradle.launcher.daemon.server.DaemonStateCoordinator] Command execution: completed DaemonCommandExecution[command = Build{id=d9dd4150-3bab-4f71-8c87-77a5265acb2d, currentDir=/home/ittia/git/APIGDSEMR}, connection = DefaultDaemonConnection: socket connection from /127.0.0.1:37739 to /127.0.0.1:39234]
2026-04-09T12:10:46.559+0900 [DEBUG] [org.gradle.launcher.daemon.server.DaemonStateCoordinator] resetting idle timer
2026-04-09T12:10:46.559+0900 [DEBUG] [org.gradle.launcher.daemon.server.DaemonStateCoordinator] Marking daemon stopped due to command completed and stop requested. The daemon is not running a build
2026-04-09T12:10:46.559+0900 [DEBUG] [org.gradle.launcher.daemon.server.exec.ReturnResult] Daemon is dispatching the build result: Success[value=org.gradle.launcher.exec.BuildActionResult@34f59e79]
2026-04-09T12:10:46.559+0900 [DEBUG] [org.gradle.launcher.daemon.server.SynchronizedDispatchConnection] thread 28: dispatching Success[value=org.gradle.launcher.exec.BuildActionResult@34f59e79]
2026-04-09T12:10:46.560+0900 [DEBUG] [org.gradle.launcher.daemon.server.DaemonStateCoordinator] daemon has stopped.
2026-04-09T12:10:46.561+0900 [DEBUG] [org.gradle.launcher.daemon.server.Daemon] stop() called on daemon
2026-04-09T12:10:46.561+0900 [INFO] [org.gradle.launcher.daemon.server.Daemon] Stop requested. Daemon is removing its presence from the registry...
2026-04-09T12:10:46.563+0900 [DEBUG] [org.gradle.launcher.daemon.server.SynchronizedDispatchConnection] thread 29: received class org.gradle.launcher.daemon.protocol.CloseInput
2026-04-09T12:10:46.563+0900 [DEBUG] [org.gradle.launcher.daemon.server.DefaultDaemonConnection] thread 29: Received IO message from client: org.gradle.launcher.daemon.protocol.CloseInput@3d162d44
2026-04-09T12:10:46.564+0900 [DEBUG] [org.gradle.launcher.daemon.server.DaemonRegistryUpdater] Removing our presence to clients, eg. removing this address from the registry: [59552b18-3645-45d1-86e9-635b6f97663a port:37739, addresses:[localhost/127.0.0.1]]
2026-04-09T12:10:46.565+0900 [DEBUG] [org.gradle.launcher.daemon.registry.PersistentDaemonRegistry] Removing daemon address: [59552b18-3645-45d1-86e9-635b6f97663a port:37739, addresses:[localhost/127.0.0.1]]
2026-04-09T12:10:46.566+0900 [DEBUG] [org.gradle.launcher.daemon.server.SynchronizedDispatchConnection] thread 29: received class org.gradle.launcher.daemon.protocol.Finished
2026-04-09T12:10:46.566+0900 [DEBUG] [org.gradle.launcher.daemon.server.DefaultDaemonConnection] thread 29: Received non-IO message from client: org.gradle.launcher.daemon.protocol.Finished@3c16311a
2026-04-09T12:10:46.566+0900 [DEBUG] [org.gradle.launcher.daemon.server.exec.CleanUpVirtualFileSystemAfterBuild] Cleaning virtual file system after build finished
2026-04-09T12:10:46.567+0900 [DEBUG] [org.gradle.launcher.daemon.server.DefaultIncomingConnectionHandler] Finishing executing command: Build{id=d9dd4150-3bab-4f71-8c87-77a5265acb2d, currentDir=/home/ittia/git/APIGDSEMR}
2026-04-09T12:10:46.567+0900 [DEBUG] [org.gradle.launcher.daemon.server.DefaultIncomingConnectionHandler] Received finished message: org.gradle.launcher.daemon.protocol.Finished@3c16311a
2026-04-09T12:10:46.567+0900 [DEBUG] [org.gradle.launcher.daemon.server.SynchronizedDispatchConnection] thread 28: stopping connection
2026-04-09T12:10:46.568+0900 [DEBUG] [org.gradle.cache.internal.DefaultFileLockManager] Waiting to acquire exclusive lock on daemon addresses registry.
2026-04-09T12:10:46.568+0900 [DEBUG] [org.gradle.cache.internal.DefaultFileLockManager] Lock acquired on daemon addresses registry.
2026-04-09T12:10:46.576+0900 [DEBUG] [org.gradle.internal.remote.internal.inet.SocketConnection] Discarding EOFException: java.io.EOFException
2026-04-09T12:10:46.576+0900 [DEBUG] [org.gradle.launcher.daemon.server.SynchronizedDispatchConnection] thread 29: received null
2026-04-09T12:10:46.576+0900 [DEBUG] [org.gradle.launcher.daemon.server.DefaultDaemonConnection] thread 29: Received end-of-input from client.
2026-04-09T12:10:46.577+0900 [DEBUG] [org.gradle.cache.internal.DefaultFileLockManager] Releasing lock on daemon addresses registry.
2026-04-09T12:10:46.579+0900 [DEBUG] [org.gradle.launcher.daemon.server.DaemonRegistryUpdater] Address removed from registry.
2026-04-09T12:10:46.579+0900 [DEBUG] [org.gradle.launcher.daemon.server.SynchronizedDispatchConnection] thread 28: stopping connection
2026-04-09T12:10:46.585+0900 [DEBUG] [org.gradle.cache.internal.LockOnDemandCrossProcessCacheAccess] Releasing file lock for jars (/home/ittia/git/APIGDSEMR/.gradle-home/caches/jars-9)
2026-04-09T12:10:46.585+0900 [DEBUG] [org.gradle.cache.internal.DefaultFileLockManager] Releasing lock on jars (/home/ittia/git/APIGDSEMR/.gradle-home/caches/jars-9).
2026-04-09T12:10:46.587+0900 [DEBUG] [org.gradle.cache.internal.DefaultCacheCleanupExecutor] jars (/home/ittia/git/APIGDSEMR/.gradle-home/caches/jars-9) has last been fully cleaned up 0 hours ago
2026-04-09T12:10:46.587+0900 [DEBUG] [org.gradle.cache.internal.DefaultCacheCleanupExecutor] Skipping cleanup for jars (/home/ittia/git/APIGDSEMR/.gradle-home/caches/jars-9) as it is not yet due
2026-04-09T12:10:46.591+0900 [DEBUG] [org.gradle.cache.internal.LockOnDemandCrossProcessCacheAccess] Releasing file lock for file content cache (/home/ittia/git/APIGDSEMR/.gradle-home/caches/9.2.1/fileContent)
2026-04-09T12:10:46.591+0900 [DEBUG] [org.gradle.cache.internal.DefaultFileLockManager] Releasing lock on file content cache (/home/ittia/git/APIGDSEMR/.gradle-home/caches/9.2.1/fileContent).
2026-04-09T12:10:46.591+0900 [DEBUG] [org.gradle.internal.watch.vfs.impl.WatchingVirtualFileSystem] Closing VFS, dropping state
2026-04-09T12:10:46.599+0900 [DEBUG] [org.gradle.internal.watch.registry.impl.DefaultFileWatcherRegistry] Finished listening to file system change events
2026-04-09T12:10:46.600+0900 [DEBUG] [org.gradle.cache.internal.DefaultCacheCoordinator] Cache Generated Gradle JARs cache (/home/ittia/git/APIGDSEMR/.gradle-home/caches/9.2.1/generated-gradle-jars) was closed 0 times.
2026-04-09T12:10:46.600+0900 [DEBUG] [org.gradle.cache.internal.LockOnDemandCrossProcessCacheAccess] Releasing file lock for artifact cache (/home/ittia/git/APIGDSEMR/.gradle-home/caches/modules-2)
2026-04-09T12:10:46.600+0900 [DEBUG] [org.gradle.cache.internal.btree.BTreePersistentIndexedCache] Closing cache module-artifact.bin (/home/ittia/git/APIGDSEMR/.gradle-home/caches/modules-2/metadata-2.107/module-artifact.bin)
2026-04-09T12:10:46.600+0900 [DEBUG] [org.gradle.cache.internal.btree.BTreePersistentIndexedCache] Closing cache module-metadata.bin (/home/ittia/git/APIGDSEMR/.gradle-home/caches/modules-2/metadata-2.107/module-metadata.bin)
2026-04-09T12:10:46.600+0900 [DEBUG] [org.gradle.cache.internal.btree.BTreePersistentIndexedCache] Closing cache resource-at-url.bin (/home/ittia/git/APIGDSEMR/.gradle-home/caches/modules-2/metadata-2.107/resource-at-url.bin)
2026-04-09T12:10:46.600+0900 [DEBUG] [org.gradle.cache.internal.DefaultFileLockManager] Releasing lock on artifact cache (/home/ittia/git/APIGDSEMR/.gradle-home/caches/modules-2).
2026-04-09T12:10:46.601+0900 [DEBUG] [org.gradle.cache.internal.DefaultCacheCleanupExecutor] artifact cache (/home/ittia/git/APIGDSEMR/.gradle-home/caches/modules-2) has last been fully cleaned up 0 hours ago
2026-04-09T12:10:46.601+0900 [DEBUG] [org.gradle.cache.internal.DefaultCacheCleanupExecutor] Skipping cleanup for artifact cache (/home/ittia/git/APIGDSEMR/.gradle-home/caches/modules-2) as it is not yet due
2026-04-09T12:10:46.601+0900 [DEBUG] [org.gradle.cache.internal.DefaultCacheCleanupExecutor] groovy-dsl (/home/ittia/git/APIGDSEMR/.gradle-home/caches/9.2.1/groovy-dsl) has last been fully cleaned up 0 hours ago
2026-04-09T12:10:46.601+0900 [DEBUG] [org.gradle.cache.internal.DefaultCacheCleanupExecutor] Skipping cleanup for groovy-dsl (/home/ittia/git/APIGDSEMR/.gradle-home/caches/9.2.1/groovy-dsl) as it is not yet due
2026-04-09T12:10:46.601+0900 [DEBUG] [org.gradle.cache.internal.DefaultCacheCoordinator] Cache groovy-dsl (/home/ittia/git/APIGDSEMR/.gradle-home/caches/9.2.1/groovy-dsl) was closed 0 times.
2026-04-09T12:10:46.601+0900 [DEBUG] [org.gradle.cache.internal.DefaultCacheCleanupExecutor] Artifact transforms cache (/home/ittia/git/APIGDSEMR/.gradle-home/caches/9.2.1/transforms) has last been fully cleaned up 0 hours ago
2026-04-09T12:10:46.601+0900 [DEBUG] [org.gradle.cache.internal.DefaultCacheCleanupExecutor] Skipping cleanup for Artifact transforms cache (/home/ittia/git/APIGDSEMR/.gradle-home/caches/9.2.1/transforms) as it is not yet due
2026-04-09T12:10:46.601+0900 [DEBUG] [org.gradle.cache.internal.DefaultCacheCoordinator] Cache Artifact transforms cache (/home/ittia/git/APIGDSEMR/.gradle-home/caches/9.2.1/transforms) was closed 0 times.
2026-04-09T12:10:46.602+0900 [DEBUG] [org.gradle.cache.internal.LockOnDemandCrossProcessCacheAccess] Releasing file lock for journal cache (/home/ittia/git/APIGDSEMR/.gradle-home/caches/journal-1)
2026-04-09T12:10:46.602+0900 [DEBUG] [org.gradle.cache.internal.btree.BTreePersistentIndexedCache] Closing cache file-access.bin (/home/ittia/git/APIGDSEMR/.gradle-home/caches/journal-1/file-access.bin)
2026-04-09T12:10:46.602+0900 [DEBUG] [org.gradle.cache.internal.DefaultFileLockManager] Releasing lock on journal cache (/home/ittia/git/APIGDSEMR/.gradle-home/caches/journal-1).
2026-04-09T12:10:46.602+0900 [DEBUG] [org.gradle.cache.internal.LockOnDemandCrossProcessCacheAccess] Releasing file lock for file hash cache (/home/ittia/git/APIGDSEMR/.gradle-home/caches/9.2.1/fileHashes)
2026-04-09T12:10:46.602+0900 [DEBUG] [org.gradle.cache.internal.btree.BTreePersistentIndexedCache] Closing cache fileHashes.bin (/home/ittia/git/APIGDSEMR/.gradle-home/caches/9.2.1/fileHashes/fileHashes.bin)
2026-04-09T12:10:46.603+0900 [DEBUG] [org.gradle.cache.internal.btree.BTreePersistentIndexedCache] Closing cache resourceHashesCache.bin (/home/ittia/git/APIGDSEMR/.gradle-home/caches/9.2.1/fileHashes/resourceHashesCache.bin)
2026-04-09T12:10:46.603+0900 [DEBUG] [org.gradle.cache.internal.DefaultFileLockManager] Releasing lock on file hash cache (/home/ittia/git/APIGDSEMR/.gradle-home/caches/9.2.1/fileHashes).
2026-04-09T12:10:46.603+0900 [DEBUG] [org.gradle.cache.internal.LockOnDemandCrossProcessCacheAccess] Releasing file lock for Java compile cache (/home/ittia/git/APIGDSEMR/.gradle-home/caches/9.2.1/javaCompile)
2026-04-09T12:10:46.603+0900 [DEBUG] [org.gradle.cache.internal.btree.BTreePersistentIndexedCache] Closing cache jarAnalysis.bin (/home/ittia/git/APIGDSEMR/.gradle-home/caches/9.2.1/javaCompile/jarAnalysis.bin)
2026-04-09T12:10:46.603+0900 [DEBUG] [org.gradle.cache.internal.btree.BTreePersistentIndexedCache] Closing cache classAnalysis.bin (/home/ittia/git/APIGDSEMR/.gradle-home/caches/9.2.1/javaCompile/classAnalysis.bin)
2026-04-09T12:10:46.603+0900 [DEBUG] [org.gradle.cache.internal.DefaultFileLockManager] Releasing lock on Java compile cache (/home/ittia/git/APIGDSEMR/.gradle-home/caches/9.2.1/javaCompile).
2026-04-09T12:10:46.604+0900 [DEBUG] [org.gradle.internal.operations.DefaultBuildOperationRunner] Build operation 'Deleting unused version-specific caches in /home/ittia/git/APIGDSEMR/.gradle-home/caches' started
2026-04-09T12:10:46.604+0900 [DEBUG] [org.gradle.internal.operations.DefaultBuildOperationRunner] Completing Build operation 'Deleting unused version-specific caches in /home/ittia/git/APIGDSEMR/.gradle-home/caches'
2026-04-09T12:10:46.604+0900 [DEBUG] [org.gradle.internal.operations.DefaultBuildOperationRunner] Build operation 'Deleting unused version-specific caches in /home/ittia/git/APIGDSEMR/.gradle-home/caches' completed
2026-04-09T12:10:46.608+0900 [DEBUG] [org.gradle.launcher.daemon.server.Daemon] stop() called on daemon
2026-04-09T12:10:46.608+0900 [INFO] [org.gradle.launcher.daemon.server.Daemon] Stop requested. Daemon is removing its presence from the registry...
2026-04-09T12:10:46.608+0900 [DEBUG] [org.gradle.launcher.daemon.server.DaemonRegistryUpdater] Removing our presence to clients, eg. removing this address from the registry: [59552b18-3645-45d1-86e9-635b6f97663a port:37739, addresses:[localhost/127.0.0.1]]
2026-04-09T12:10:46.608+0900 [DEBUG] [org.gradle.launcher.daemon.registry.PersistentDaemonRegistry] Removing daemon address: [59552b18-3645-45d1-86e9-635b6f97663a port:37739, addresses:[localhost/127.0.0.1]]
2026-04-09T12:10:46.610+0900 [DEBUG] [org.gradle.cache.internal.DefaultFileLockManager] Waiting to acquire exclusive lock on daemon addresses registry.
2026-04-09T12:10:46.610+0900 [DEBUG] [org.gradle.cache.internal.DefaultFileLockManager] Lock acquired on daemon addresses registry.
2026-04-09T12:10:46.611+0900 [DEBUG] [org.gradle.cache.internal.DefaultFileLockManager] Releasing lock on daemon addresses registry.
2026-04-09T12:10:46.612+0900 [DEBUG] [org.gradle.launcher.daemon.server.DaemonRegistryUpdater] Address removed from registry.
2026-04-09T12:10:46.613+0900 [DEBUG] [org.gradle.cache.internal.locklistener.DefaultFileLockContentionHandler] File lock listener thread completed.
2026-04-09T12:10:46.616+0900 [DEBUG] [java.lang.Runtime] Runtime.exit() called with status: 0
java.lang.Throwable: Runtime.exit(0)
	at java.base/java.lang.Shutdown.logRuntimeExit(Shutdown.java:179)
	at java.base/java.lang.Shutdown.exit(Shutdown.java:160)
	at java.base/java.lang.Runtime.exit(Runtime.java:177)
	at java.base/java.lang.System.exit(System.java:1540)
	at org.gradle.launcher.bootstrap.ProcessCompleter.complete(ProcessCompleter.java:21)
	at org.gradle.launcher.bootstrap.EntryPoint.run(EntryPoint.java:62)
	at java.base/jdk.internal.reflect.DirectMethodHandleAccessor.invoke(DirectMethodHandleAccessor.java:104)
	at java.base/java.lang.reflect.Method.invoke(Method.java:565)
	at org.gradle.launcher.bootstrap.ProcessBootstrap.runNoExit(ProcessBootstrap.java:72)
	at org.gradle.launcher.bootstrap.ProcessBootstrap.run(ProcessBootstrap.java:39)
	at org.gradle.launcher.daemon.bootstrap.GradleDaemon.main(GradleDaemon.java:22)
Daemon vm is shutting down... The daemon has exited normally or was terminated in response to a user interrupt.
2026-04-09T12:10:46.617+0900 [DEBUG] [org.gradle.launcher.daemon.registry.PersistentDaemonRegistry] Removing daemon address: [59552b18-3645-45d1-86e9-635b6f97663a port:37739, addresses:[localhost/127.0.0.1]]
2026-04-09T12:10:46.618+0900 [DEBUG] [org.gradle.launcher.daemon.server.Daemon] VM shutdown hook was unable to remove the daemon address from the registry. It will be cleaned up later.
java.lang.IllegalStateException: Cannot start managing file contention because this handler has been closed.
	at org.gradle.cache.internal.locklistener.DefaultFileLockContentionHandler.assertNotStopped(DefaultFileLockContentionHandler.java:256)
	at org.gradle.cache.internal.locklistener.DefaultFileLockContentionHandler.reservePort(DefaultFileLockContentionHandler.java:294)
	at org.gradle.cache.internal.DefaultFileLockManager.lock(DefaultFileLockManager.java:124)
	at org.gradle.cache.internal.DefaultFileLockManager.lock(DefaultFileLockManager.java:106)
	at org.gradle.cache.internal.DefaultFileLockManager.lock(DefaultFileLockManager.java:101)
	at org.gradle.cache.internal.OnDemandFileAccess.updateFile(OnDemandFileAccess.java:51)
	at org.gradle.cache.internal.FileBackedObjectHolder.update(FileBackedObjectHolder.java:77)
	at org.gradle.cache.internal.FileIntegrityViolationSuppressingObjectHolderDecorator.lambda$update$0(FileIntegrityViolationSuppressingObjectHolderDecorator.java:48)
	at org.gradle.cache.internal.FileIntegrityViolationSuppressingObjectHolderDecorator.doUpdate(FileIntegrityViolationSuppressingObjectHolderDecorator.java:58)
	at org.gradle.cache.internal.FileIntegrityViolationSuppressingObjectHolderDecorator.update(FileIntegrityViolationSuppressingObjectHolderDecorator.java:48)
	at org.gradle.launcher.daemon.registry.PersistentDaemonRegistry.remove(PersistentDaemonRegistry.java:133)
	at org.gradle.launcher.daemon.server.Daemon$1.run(Daemon.java:133)
	at java.base/java.lang.Thread.run(Thread.java:1474)
